<?xml version="1.0" encoding="UTF-8"?>
<robot generator="Robot 7.0 (Python 3.11.4 on darwin)" generated="2024-01-17T23:34:00.453801" rpa="false" schemaversion="5">
<suite id="s1" name="Tests" source="/Users/rarumuga/Documents/MyProjects/GRSTest/Tests">
<suite id="s1-s1" name="Test1" source="/Users/rarumuga/Documents/MyProjects/GRSTest/Tests/test1.robot">
<test id="s1-s1-t1" name="This is sample test case" line="6">
<kw name="Open Browser" owner="SeleniumLibrary">
<msg time="2024-01-17T23:34:00.516265" level="INFO">Opening browser 'chrome' to base url 'http://www.google.com'.</msg>
<arg>http://www.google.com</arg>
<arg>chrome</arg>
<doc>Opens a new browser instance to the optional ``url``.</doc>
<status status="PASS" start="2024-01-17T23:34:00.516142" elapsed="3.625487"/>
</kw>
<kw name="Close Browser" owner="SeleniumLibrary">
<doc>Closes the current browser.</doc>
<status status="PASS" start="2024-01-17T23:34:04.142502" elapsed="0.081693"/>
</kw>
<doc>Google test</doc>
<tag>regression</tag>
<status status="PASS" start="2024-01-17T23:34:00.515694" elapsed="3.708725"/>
</test>
<status status="PASS" start="2024-01-17T23:34:00.463133" elapsed="3.761625"/>
</suite>
<status status="PASS" start="2024-01-17T23:34:00.454421" elapsed="3.770699"/>
</suite>
<statistics>
<total>
<stat pass="1" fail="0" skip="0">All Tests</stat>
</total>
<tag>
<stat pass="1" fail="0" skip="0">regression</stat>
</tag>
<suite>
<stat pass="1" fail="0" skip="0" id="s1" name="Tests">Tests</stat>
<stat pass="1" fail="0" skip="0" id="s1-s1" name="Test1">Tests.Test1</stat>
</suite>
</statistics>
<errors>
</errors>
</robot>
